2022/03/27 14:40:19 [error] 280#280: *2 connect() failed (111: Connection refused) while connecting to upstream, client: 10.10.0.40, server: nginxproxymanager, request: "GET /api/ HTTP/1.1", upstream: "http://127.0.0.1:3000/", host: "10.10.10.2:82", referrer: "http://10.10.10.2:82/"
2022/03/27 14:40:24 [error] 280#280: *4 connect() failed (111: Connection refused) while connecting to upstream, client: 10.10.0.40, server: nginxproxymanager, request: "POST /api/tokens HTTP/1.1", upstream: "http://127.0.0.1:3000/tokens", host: "10.10.10.2:82", referrer: "http://10.10.10.2:82/login"
2022/03/27 14:42:39 [warn] 229#229: server name "ns.cpnv-srw3.ch/admin/" has suspicious symbols in /data/nginx/proxy_host/1.conf:15
2022/03/27 14:43:32 [warn] 229#229: server name "ns.cpnv-srw3.ch/admin/" has suspicious symbols in /data/nginx/proxy_host/1.conf:15
2022/03/27 14:48:31 [error] 282#282: *4 connect() failed (111: Connection refused) while connecting to upstream, client: 10.10.0.40, server: nginxproxymanager, request: "GET /api/nginx/proxy-hosts?expand=owner,access_list,certificate HTTP/1.1", upstream: "http://127.0.0.1:3000/nginx/proxy-hosts?expand=owner,access_list,certificate", host: "proxy.cpnv-srw3.ch", referrer: "http://proxy.cpnv-srw3.ch/nginx/proxy"
2022/03/27 14:48:34 [error] 283#283: *11 connect() failed (111: Connection refused) while connecting to upstream, client: 10.10.0.40, server: nginxproxymanager, request: "GET /api/ HTTP/1.1", upstream: "http://127.0.0.1:3000/", host: "proxy.cpnv-srw3.ch", referrer: "http://proxy.cpnv-srw3.ch/nginx/proxy"
2022/03/27 14:48:36 [error] 282#282: *17 connect() failed (111: Connection refused) while connecting to upstream, client: 10.10.0.40, server: nginxproxymanager, request: "POST /api/tokens HTTP/1.1", upstream: "http://127.0.0.1:3000/tokens", host: "proxy.cpnv-srw3.ch", referrer: "http://proxy.cpnv-srw3.ch/login"
2022/03/27 14:48:37 [error] 283#283: *20 connect() failed (111: Connection refused) while connecting to upstream, client: 10.10.0.40, server: nginxproxymanager, request: "POST /api/tokens HTTP/1.1", upstream: "http://127.0.0.1:3000/tokens", host: "proxy.cpnv-srw3.ch", referrer: "http://proxy.cpnv-srw3.ch/login"
2022/03/27 14:48:43 [error] 282#282: *40 connect() failed (111: Connection refused) while connecting to upstream, client: 10.10.0.40, server: nginxproxymanager, request: "POST /api/tokens HTTP/1.1", upstream: "http://127.0.0.1:3000/tokens", host: "proxy.cpnv-srw3.ch", referrer: "http://proxy.cpnv-srw3.ch/login"
2022/03/27 14:48:46 [warn] 228#228: server name "ns.cpnv-srw3.ch/admin/" has suspicious symbols in /data/nginx/proxy_host/1.conf:15
2022/03/27 14:49:39 [warn] 228#228: server name "ns.cpnv-srw3.ch/admin/" has suspicious symbols in /data/nginx/proxy_host/1.conf:15
2022/03/27 14:53:03 [warn] 228#228: server name "ns.cpnv-srw3.ch/admin/" has suspicious symbols in /data/nginx/proxy_host/1.conf:15
2022/03/27 14:53:12 [warn] 228#228: server name "ns.cpnv-srw3.ch/admin/" has suspicious symbols in /data/nginx/proxy_host/1.conf:15
2022/03/27 14:55:54 [warn] 228#228: server name "ns.cpnv-srw3.ch/admin/" has suspicious symbols in /data/nginx/proxy_host/1.conf:15
2022/03/27 15:13:02 [error] 291#291: *4 connect() failed (111: Connection refused) while connecting to upstream, client: 10.10.0.40, server: nginxproxymanager, request: "GET /api/ HTTP/1.1", upstream: "http://127.0.0.1:3000/", host: "proxy.cpnv-srw3.ch", referrer: "http://proxy.cpnv-srw3.ch/nginx/proxy"
2022/03/27 15:13:03 [warn] 234#234: server name "ns.cpnv-srw3.ch/admin/" has suspicious symbols in /data/nginx/proxy_host/1.conf:15
2022/03/27 15:19:33 [warn] 234#234: server name "ns.cpnv-srw3.ch/admin/" has suspicious symbols in /data/nginx/proxy_host/1.conf:15
2022/03/27 15:21:21 [warn] 234#234: server name "ns.cpnv-srw3.ch/admin/" has suspicious symbols in /data/nginx/proxy_host/1.conf:15
2022/03/27 15:55:25 [warn] 231#231: server name "ns.cpnv-srw3.ch/admin/" has suspicious symbols in /data/nginx/proxy_host/1.conf:15
2022/03/27 15:56:37 [warn] 229#229: server name "ns.cpnv-srw3.ch/admin/" has suspicious symbols in /data/nginx/proxy_host/1.conf:15
2022/03/27 16:00:45 [warn] 229#229: server name "ns.cpnv-srw3.ch/admin/" has suspicious symbols in /data/nginx/proxy_host/1.conf:18
2022/03/27 16:02:04 [warn] 229#229: server name "ns.cpnv-srw3.ch/admin/" has suspicious symbols in /data/nginx/proxy_host/1.conf:18
2022/03/27 16:02:09 [warn] 229#229: server name "ns.cpnv-srw3.ch/admin/" has suspicious symbols in /data/nginx/proxy_host/1.conf:18
2022/03/27 16:02:17 [warn] 229#229: server name "ns.cpnv-srw3.ch/admin/" has suspicious symbols in /data/nginx/proxy_host/1.conf:18
2022/03/27 16:02:22 [warn] 229#229: server name "ns.cpnv-srw3.ch/admin/" has suspicious symbols in /data/nginx/proxy_host/1.conf:18
2022/03/27 16:03:06 [warn] 229#229: server name "ns.cpnv-srw3.ch/admin/" has suspicious symbols in /data/nginx/proxy_host/1.conf:18
2022/03/27 16:03:20 [warn] 229#229: server name "ns.cpnv-srw3.ch/admin/" has suspicious symbols in /data/nginx/proxy_host/1.conf:18
2022/03/27 16:03:24 [warn] 229#229: server name "ns.cpnv-srw3.ch/admin/" has suspicious symbols in /data/nginx/proxy_host/1.conf:18
2022/03/27 16:03:27 [warn] 229#229: server name "ns.cpnv-srw3.ch/admin/" has suspicious symbols in /data/nginx/proxy_host/1.conf:15
2022/03/27 16:03:31 [warn] 229#229: server name "ns.cpnv-srw3.ch/admin/" has suspicious symbols in /data/nginx/proxy_host/1.conf:15
2022/03/27 16:03:35 [warn] 229#229: server name "ns.cpnv-srw3.ch/admin/" has suspicious symbols in /data/nginx/proxy_host/1.conf:15
2022/03/27 16:08:56 [warn] 229#229: server name "ns.cpnv-srw3.ch/admin/" has suspicious symbols in /data/nginx/proxy_host/1.conf:15
2022/03/27 16:12:11 [warn] 229#229: server name "ns.cpnv-srw3.ch/admin/" has suspicious symbols in /data/nginx/proxy_host/1.conf:15
2022/03/27 16:12:29 [warn] 229#229: server name "ns.cpnv-srw3.ch/admin/" has suspicious symbols in /data/nginx/proxy_host/1.conf:15
2022/03/27 16:27:07 [warn] 234#234: server name "ns.cpnv-srw3.ch/admin/" has suspicious symbols in /data/nginx/proxy_host/1.conf:15
2022/03/27 16:44:33 [error] 290#290: *4 connect() failed (111: Connection refused) while connecting to upstream, client: 10.10.0.144, server: nginxproxymanager, request: "GET /api/ HTTP/1.1", upstream: "http://127.0.0.1:3000/", host: "proxy.cpnv-srw3.ch", referrer: "http://proxy.cpnv-srw3.ch/nginx/proxy"
2022/03/27 16:44:46 [warn] 233#233: server name "ns.cpnv-srw3.ch/admin/" has suspicious symbols in /data/nginx/proxy_host/1.conf:15
2022/03/27 16:46:00 [warn] 233#233: server name "ns.cpnv-srw3.ch/admin/" has suspicious symbols in /data/nginx/proxy_host/1.conf:15
2022/03/27 16:52:56 [error] 290#290: *4 connect() failed (111: Connection refused) while connecting to upstream, client: 10.10.0.144, server: nginxproxymanager, request: "GET /api/ HTTP/1.1", upstream: "http://127.0.0.1:3000/", host: "proxy.cpnv-srw3.ch", referrer: "http://proxy.cpnv-srw3.ch/nginx/proxy"
2022/03/27 16:52:59 [warn] 232#232: server name "ns.cpnv-srw3.ch/admin/" has suspicious symbols in /data/nginx/proxy_host/1.conf:15
2022/03/27 16:57:15 [error] 287#287: *4 connect() failed (111: Connection refused) while connecting to upstream, client: 10.10.0.144, server: nginxproxymanager, request: "GET /api/ HTTP/1.1", upstream: "http://127.0.0.1:3000/", host: "proxy.cpnv-srw3.ch", referrer: "http://proxy.cpnv-srw3.ch/nginx/proxy"
2022/03/27 16:57:44 [warn] 228#228: server name "ns.cpnv-srw3.ch/admin/" has suspicious symbols in /data/nginx/proxy_host/1.conf:15
2022/03/27 17:57:44 [warn] 228#228: server name "ns.cpnv-srw3.ch/admin/" has suspicious symbols in /data/nginx/proxy_host/1.conf:15
2022/03/27 18:57:44 [warn] 228#228: server name "ns.cpnv-srw3.ch/admin/" has suspicious symbols in /data/nginx/proxy_host/1.conf:15
2022/03/27 19:57:44 [warn] 228#228: server name "ns.cpnv-srw3.ch/admin/" has suspicious symbols in /data/nginx/proxy_host/1.conf:15
2022/03/27 20:57:44 [warn] 228#228: server name "ns.cpnv-srw3.ch/admin/" has suspicious symbols in /data/nginx/proxy_host/1.conf:15
2022/03/27 21:57:44 [warn] 228#228: server name "ns.cpnv-srw3.ch/admin/" has suspicious symbols in /data/nginx/proxy_host/1.conf:15
2022/03/27 22:57:44 [warn] 228#228: server name "ns.cpnv-srw3.ch/admin/" has suspicious symbols in /data/nginx/proxy_host/1.conf:15
2022/03/27 23:57:44 [warn] 228#228: server name "ns.cpnv-srw3.ch/admin/" has suspicious symbols in /data/nginx/proxy_host/1.conf:15
2022/03/28 00:57:44 [warn] 228#228: server name "ns.cpnv-srw3.ch/admin/" has suspicious symbols in /data/nginx/proxy_host/1.conf:15
2022/03/28 01:57:44 [warn] 228#228: server name "ns.cpnv-srw3.ch/admin/" has suspicious symbols in /data/nginx/proxy_host/1.conf:15
2022/03/28 02:57:44 [warn] 228#228: server name "ns.cpnv-srw3.ch/admin/" has suspicious symbols in /data/nginx/proxy_host/1.conf:15
2022/03/28 03:57:44 [warn] 228#228: server name "ns.cpnv-srw3.ch/admin/" has suspicious symbols in /data/nginx/proxy_host/1.conf:15
2022/03/28 04:57:44 [warn] 228#228: server name "ns.cpnv-srw3.ch/admin/" has suspicious symbols in /data/nginx/proxy_host/1.conf:15
2022/03/28 05:57:44 [warn] 228#228: server name "ns.cpnv-srw3.ch/admin/" has suspicious symbols in /data/nginx/proxy_host/1.conf:15
2022/03/28 07:15:35 [warn] 231#231: server name "ns.cpnv-srw3.ch/admin/" has suspicious symbols in /data/nginx/proxy_host/1.conf:15
2022/03/28 08:07:12 [warn] 231#231: server name "ns.cpnv-srw3.ch/admin/" has suspicious symbols in /data/nginx/proxy_host/1.conf:15
2022/03/28 08:15:35 [warn] 231#231: server name "ns.cpnv-srw3.ch/admin/" has suspicious symbols in /data/nginx/proxy_host/1.conf:15
2022/03/28 08:23:23 [warn] 231#231: server name "ns.cpnv-srw3.ch/admin/" has suspicious symbols in /data/nginx/proxy_host/1.conf:15
2022/03/28 08:23:30 [warn] 231#231: server name "ns.cpnv-srw3.ch/admin/" has suspicious symbols in /data/nginx/proxy_host/1.conf:18
2022/03/28 08:23:37 [warn] 231#231: server name "ns.cpnv-srw3.ch/admin/" has suspicious symbols in /data/nginx/proxy_host/1.conf:18
2022/03/28 08:24:08 [warn] 231#231: server name "ns.cpnv-srw3.ch/admin/" has suspicious symbols in /data/nginx/proxy_host/1.conf:18
2022/03/28 08:24:15 [warn] 231#231: server name "ns.cpnv-srw3.ch/admin/" has suspicious symbols in /data/nginx/proxy_host/1.conf:18
2022/03/28 08:41:52 [warn] 231#231: server name "ns.cpnv-srw3.ch/admin/" has suspicious symbols in /data/nginx/proxy_host/1.conf:18
2022/03/28 08:42:47 [warn] 231#231: server name "ns.cpnv-srw3.ch/admin/" has suspicious symbols in /data/nginx/proxy_host/1.conf:18
2022/03/28 08:43:15 [warn] 231#231: server name "ns.cpnv-srw3.ch/admin/" has suspicious symbols in /data/nginx/proxy_host/1.conf:18
2022/03/28 08:52:09 [warn] 231#231: server name "ns.cpnv-srw3.ch/admin/" has suspicious symbols in /data/nginx/proxy_host/1.conf:18
2022/03/28 09:48:02 [warn] 232#232: server name "ns.cpnv-srw3.ch/admin/" has suspicious symbols in /data/nginx/proxy_host/1.conf:18
2022/03/28 10:02:20 [warn] 232#232: server name "ns.cpnv-srw3.ch/admin/" has suspicious symbols in /data/nginx/proxy_host/1.conf:18
2022/03/28 10:02:33 [warn] 232#232: server name "ns.cpnv-srw3.ch/admin/" has suspicious symbols in /data/nginx/proxy_host/1.conf:18
2022/03/28 10:07:30 [warn] 233#233: server name "ns.cpnv-srw3.ch/admin/" has suspicious symbols in /data/nginx/proxy_host/1.conf:18
2022/03/28 11:07:30 [warn] 233#233: server name "ns.cpnv-srw3.ch/admin/" has suspicious symbols in /data/nginx/proxy_host/1.conf:18
2022/03/28 12:07:30 [warn] 233#233: server name "ns.cpnv-srw3.ch/admin/" has suspicious symbols in /data/nginx/proxy_host/1.conf:18
2022/03/28 13:07:30 [warn] 233#233: server name "ns.cpnv-srw3.ch/admin/" has suspicious symbols in /data/nginx/proxy_host/1.conf:18
2022/03/28 14:07:30 [warn] 233#233: server name "ns.cpnv-srw3.ch/admin/" has suspicious symbols in /data/nginx/proxy_host/1.conf:18
2022/03/28 15:07:30 [warn] 233#233: server name "ns.cpnv-srw3.ch/admin/" has suspicious symbols in /data/nginx/proxy_host/1.conf:18
2022/03/28 16:07:30 [warn] 233#233: server name "ns.cpnv-srw3.ch/admin/" has suspicious symbols in /data/nginx/proxy_host/1.conf:18
2022/03/28 16:07:42 [warn] 233#233: server name "ns.cpnv-srw3.ch/admin/" has suspicious symbols in /data/nginx/proxy_host/1.conf:18
2022/03/28 17:07:30 [warn] 233#233: server name "ns.cpnv-srw3.ch/admin/" has suspicious symbols in /data/nginx/proxy_host/1.conf:18
2022/03/28 18:07:30 [warn] 233#233: server name "ns.cpnv-srw3.ch/admin/" has suspicious symbols in /data/nginx/proxy_host/1.conf:18
2022/03/28 19:07:30 [warn] 233#233: server name "ns.cpnv-srw3.ch/admin/" has suspicious symbols in /data/nginx/proxy_host/1.conf:18
2022/03/28 20:07:30 [warn] 233#233: server name "ns.cpnv-srw3.ch/admin/" has suspicious symbols in /data/nginx/proxy_host/1.conf:18
2022/03/28 21:07:30 [warn] 233#233: server name "ns.cpnv-srw3.ch/admin/" has suspicious symbols in /data/nginx/proxy_host/1.conf:18
2022/03/28 22:07:30 [warn] 233#233: server name "ns.cpnv-srw3.ch/admin/" has suspicious symbols in /data/nginx/proxy_host/1.conf:18
2022/03/28 22:07:42 [warn] 233#233: server name "ns.cpnv-srw3.ch/admin/" has suspicious symbols in /data/nginx/proxy_host/1.conf:18
2022/03/28 23:07:30 [warn] 233#233: server name "ns.cpnv-srw3.ch/admin/" has suspicious symbols in /data/nginx/proxy_host/1.conf:18
2022/03/29 00:07:30 [warn] 233#233: server name "ns.cpnv-srw3.ch/admin/" has suspicious symbols in /data/nginx/proxy_host/1.conf:18
2022/03/29 01:07:30 [warn] 233#233: server name "ns.cpnv-srw3.ch/admin/" has suspicious symbols in /data/nginx/proxy_host/1.conf:18
2022/03/29 02:07:30 [warn] 233#233: server name "ns.cpnv-srw3.ch/admin/" has suspicious symbols in /data/nginx/proxy_host/1.conf:18
2022/03/29 03:07:30 [warn] 233#233: server name "ns.cpnv-srw3.ch/admin/" has suspicious symbols in /data/nginx/proxy_host/1.conf:18
2022/03/29 04:07:30 [warn] 233#233: server name "ns.cpnv-srw3.ch/admin/" has suspicious symbols in /data/nginx/proxy_host/1.conf:18
2022/03/29 04:07:42 [warn] 233#233: server name "ns.cpnv-srw3.ch/admin/" has suspicious symbols in /data/nginx/proxy_host/1.conf:18
2022/03/29 05:07:30 [warn] 233#233: server name "ns.cpnv-srw3.ch/admin/" has suspicious symbols in /data/nginx/proxy_host/1.conf:18
2022/03/29 06:07:30 [warn] 233#233: server name "ns.cpnv-srw3.ch/admin/" has suspicious symbols in /data/nginx/proxy_host/1.conf:18
2022/03/29 07:07:30 [warn] 233#233: server name "ns.cpnv-srw3.ch/admin/" has suspicious symbols in /data/nginx/proxy_host/1.conf:18
2022/03/29 08:07:30 [warn] 233#233: server name "ns.cpnv-srw3.ch/admin/" has suspicious symbols in /data/nginx/proxy_host/1.conf:18
2022/03/29 09:07:30 [warn] 233#233: server name "ns.cpnv-srw3.ch/admin/" has suspicious symbols in /data/nginx/proxy_host/1.conf:18
2022/03/29 10:07:30 [warn] 233#233: server name "ns.cpnv-srw3.ch/admin/" has suspicious symbols in /data/nginx/proxy_host/1.conf:18
2022/03/29 10:07:42 [warn] 233#233: server name "ns.cpnv-srw3.ch/admin/" has suspicious symbols in /data/nginx/proxy_host/1.conf:18
2022/03/29 11:07:30 [warn] 233#233: server name "ns.cpnv-srw3.ch/admin/" has suspicious symbols in /data/nginx/proxy_host/1.conf:18
2022/03/29 12:07:30 [warn] 233#233: server name "ns.cpnv-srw3.ch/admin/" has suspicious symbols in /data/nginx/proxy_host/1.conf:18
2022/03/29 13:07:30 [warn] 233#233: server name "ns.cpnv-srw3.ch/admin/" has suspicious symbols in /data/nginx/proxy_host/1.conf:18
2022/03/29 14:07:30 [warn] 233#233: server name "ns.cpnv-srw3.ch/admin/" has suspicious symbols in /data/nginx/proxy_host/1.conf:18
2022/03/29 15:07:30 [warn] 233#233: server name "ns.cpnv-srw3.ch/admin/" has suspicious symbols in /data/nginx/proxy_host/1.conf:18
2022/03/29 16:07:30 [warn] 233#233: server name "ns.cpnv-srw3.ch/admin/" has suspicious symbols in /data/nginx/proxy_host/1.conf:18
2022/03/29 16:07:42 [warn] 233#233: server name "ns.cpnv-srw3.ch/admin/" has suspicious symbols in /data/nginx/proxy_host/1.conf:18
2022/03/29 17:07:30 [warn] 233#233: server name "ns.cpnv-srw3.ch/admin/" has suspicious symbols in /data/nginx/proxy_host/1.conf:18
2022/03/29 18:07:30 [warn] 233#233: server name "ns.cpnv-srw3.ch/admin/" has suspicious symbols in /data/nginx/proxy_host/1.conf:18
2022/03/29 19:07:30 [warn] 233#233: server name "ns.cpnv-srw3.ch/admin/" has suspicious symbols in /data/nginx/proxy_host/1.conf:18
2022/03/29 20:07:30 [warn] 233#233: server name "ns.cpnv-srw3.ch/admin/" has suspicious symbols in /data/nginx/proxy_host/1.conf:18
2022/03/29 21:07:30 [warn] 233#233: server name "ns.cpnv-srw3.ch/admin/" has suspicious symbols in /data/nginx/proxy_host/1.conf:18
2022/03/29 22:07:30 [warn] 233#233: server name "ns.cpnv-srw3.ch/admin/" has suspicious symbols in /data/nginx/proxy_host/1.conf:18
2022/03/29 22:07:42 [warn] 233#233: server name "ns.cpnv-srw3.ch/admin/" has suspicious symbols in /data/nginx/proxy_host/1.conf:18
2022/03/29 23:07:30 [warn] 233#233: server name "ns.cpnv-srw3.ch/admin/" has suspicious symbols in /data/nginx/proxy_host/1.conf:18
2022/03/30 00:07:30 [warn] 233#233: server name "ns.cpnv-srw3.ch/admin/" has suspicious symbols in /data/nginx/proxy_host/1.conf:18
2022/03/30 01:07:30 [warn] 233#233: server name "ns.cpnv-srw3.ch/admin/" has suspicious symbols in /data/nginx/proxy_host/1.conf:18
2022/03/30 02:07:30 [warn] 233#233: server name "ns.cpnv-srw3.ch/admin/" has suspicious symbols in /data/nginx/proxy_host/1.conf:18
2022/03/30 03:07:30 [warn] 233#233: server name "ns.cpnv-srw3.ch/admin/" has suspicious symbols in /data/nginx/proxy_host/1.conf:18
2022/03/30 04:07:30 [warn] 233#233: server name "ns.cpnv-srw3.ch/admin/" has suspicious symbols in /data/nginx/proxy_host/1.conf:18
2022/03/30 04:07:42 [warn] 233#233: server name "ns.cpnv-srw3.ch/admin/" has suspicious symbols in /data/nginx/proxy_host/1.conf:18
2022/03/30 05:07:30 [warn] 233#233: server name "ns.cpnv-srw3.ch/admin/" has suspicious symbols in /data/nginx/proxy_host/1.conf:18
2022/03/30 06:07:30 [warn] 233#233: server name "ns.cpnv-srw3.ch/admin/" has suspicious symbols in /data/nginx/proxy_host/1.conf:18
2022/03/30 07:07:30 [warn] 233#233: server name "ns.cpnv-srw3.ch/admin/" has suspicious symbols in /data/nginx/proxy_host/1.conf:18
2022/03/30 08:07:30 [warn] 233#233: server name "ns.cpnv-srw3.ch/admin/" has suspicious symbols in /data/nginx/proxy_host/1.conf:18
2022/03/30 09:07:30 [warn] 233#233: server name "ns.cpnv-srw3.ch/admin/" has suspicious symbols in /data/nginx/proxy_host/1.conf:18
2022/03/30 10:07:30 [warn] 233#233: server name "ns.cpnv-srw3.ch/admin/" has suspicious symbols in /data/nginx/proxy_host/1.conf:18
2022/03/30 10:07:42 [warn] 233#233: server name "ns.cpnv-srw3.ch/admin/" has suspicious symbols in /data/nginx/proxy_host/1.conf:18
2022/03/30 11:07:30 [warn] 233#233: server name "ns.cpnv-srw3.ch/admin/" has suspicious symbols in /data/nginx/proxy_host/1.conf:18
2022/03/30 12:07:30 [warn] 233#233: server name "ns.cpnv-srw3.ch/admin/" has suspicious symbols in /data/nginx/proxy_host/1.conf:18
2022/03/30 13:07:30 [warn] 233#233: server name "ns.cpnv-srw3.ch/admin/" has suspicious symbols in /data/nginx/proxy_host/1.conf:18
2022/03/30 14:07:30 [warn] 233#233: server name "ns.cpnv-srw3.ch/admin/" has suspicious symbols in /data/nginx/proxy_host/1.conf:18
2022/03/30 15:07:30 [warn] 233#233: server name "ns.cpnv-srw3.ch/admin/" has suspicious symbols in /data/nginx/proxy_host/1.conf:18
2022/03/30 16:07:30 [warn] 233#233: server name "ns.cpnv-srw3.ch/admin/" has suspicious symbols in /data/nginx/proxy_host/1.conf:18
2022/03/30 16:07:42 [warn] 233#233: server name "ns.cpnv-srw3.ch/admin/" has suspicious symbols in /data/nginx/proxy_host/1.conf:18
2022/03/30 17:07:30 [warn] 233#233: server name "ns.cpnv-srw3.ch/admin/" has suspicious symbols in /data/nginx/proxy_host/1.conf:18
2022/03/30 18:07:30 [warn] 233#233: server name "ns.cpnv-srw3.ch/admin/" has suspicious symbols in /data/nginx/proxy_host/1.conf:18
2022/03/30 19:07:30 [warn] 233#233: server name "ns.cpnv-srw3.ch/admin/" has suspicious symbols in /data/nginx/proxy_host/1.conf:18
2022/03/30 20:07:30 [warn] 233#233: server name "ns.cpnv-srw3.ch/admin/" has suspicious symbols in /data/nginx/proxy_host/1.conf:18
2022/03/30 21:07:30 [warn] 233#233: server name "ns.cpnv-srw3.ch/admin/" has suspicious symbols in /data/nginx/proxy_host/1.conf:18
2022/03/30 21:52:36 [error] 1441#1441: *4 open() "/var/www/html/wpad.dat" failed (2: No such file or directory), client: 10.10.0.40, server: localhost-nginx-proxy-manager, request: "GET /wpad.dat HTTP/1.1", host: "wpad.cpnv-srw3.ch"
2022/03/30 21:52:58 [error] 1441#1441: *4 open() "/var/www/html/wpad.dat" failed (2: No such file or directory), client: 10.10.0.40, server: localhost-nginx-proxy-manager, request: "GET /wpad.dat HTTP/1.1", host: "wpad.cpnv-srw3.ch"
2022/03/30 21:54:17 [error] 1441#1441: *5 open() "/var/www/html/wpad.dat" failed (2: No such file or directory), client: 10.10.0.40, server: localhost-nginx-proxy-manager, request: "GET /wpad.dat HTTP/1.1", host: "wpad.cpnv-srw3.ch"
2022/03/30 22:04:35 [error] 1441#1441: *6 open() "/var/www/html/wpad.dat" failed (2: No such file or directory), client: 10.10.0.40, server: localhost-nginx-proxy-manager, request: "GET /wpad.dat HTTP/1.1", host: "wpad.cpnv-srw3.ch"
2022/03/30 22:07:30 [warn] 233#233: server name "ns.cpnv-srw3.ch/admin/" has suspicious symbols in /data/nginx/proxy_host/1.conf:18
2022/03/30 22:07:42 [warn] 233#233: server name "ns.cpnv-srw3.ch/admin/" has suspicious symbols in /data/nginx/proxy_host/1.conf:18
2022/03/30 23:07:30 [warn] 233#233: server name "ns.cpnv-srw3.ch/admin/" has suspicious symbols in /data/nginx/proxy_host/1.conf:18
2022/03/31 00:07:30 [warn] 233#233: server name "ns.cpnv-srw3.ch/admin/" has suspicious symbols in /data/nginx/proxy_host/1.conf:18
2022/03/31 01:07:30 [warn] 233#233: server name "ns.cpnv-srw3.ch/admin/" has suspicious symbols in /data/nginx/proxy_host/1.conf:18
2022/03/31 02:07:30 [warn] 233#233: server name "ns.cpnv-srw3.ch/admin/" has suspicious symbols in /data/nginx/proxy_host/1.conf:18
2022/03/31 03:07:30 [warn] 233#233: server name "ns.cpnv-srw3.ch/admin/" has suspicious symbols in /data/nginx/proxy_host/1.conf:18
2022/03/31 04:07:30 [warn] 233#233: server name "ns.cpnv-srw3.ch/admin/" has suspicious symbols in /data/nginx/proxy_host/1.conf:18
2022/03/31 04:07:42 [warn] 233#233: server name "ns.cpnv-srw3.ch/admin/" has suspicious symbols in /data/nginx/proxy_host/1.conf:18
2022/03/31 05:07:30 [warn] 233#233: server name "ns.cpnv-srw3.ch/admin/" has suspicious symbols in /data/nginx/proxy_host/1.conf:18
2022/03/31 06:07:30 [warn] 233#233: server name "ns.cpnv-srw3.ch/admin/" has suspicious symbols in /data/nginx/proxy_host/1.conf:18
2022/03/31 07:07:30 [warn] 233#233: server name "ns.cpnv-srw3.ch/admin/" has suspicious symbols in /data/nginx/proxy_host/1.conf:18
